INFO:root:data_extract.py final log
DEBUG:urllib3.connectionpool:Starting new HTTPS connection (1): www.imdb.com:443
DEBUG:urllib3.connectionpool:https://www.imdb.com:443 "GET /feature/genre?ref_=fn_asr_ge HTTP/1.1" 200 None
DEBUG:urllib3.connectionpool:Starting new HTTPS connection (1): www.imdb.com:443
DEBUG:urllib3.connectionpool:https://www.imdb.com:443 "GET /search/title?genres=action&languages=en&sort=user_rating,desc&title_type=feature&num_votes=10000,&explore=genres HTTP/1.1" 301 0
DEBUG:urllib3.connectionpool:https://www.imdb.com:443 "GET /search/title/?genres=action&languages=en&sort=user_rating,desc&title_type=feature&num_votes=10000,&explore=genres HTTP/1.1" 200 None
DEBUG:urllib3.connectionpool:Starting new HTTPS connection (1): www.imdb.com:443
DEBUG:urllib3.connectionpool:https://www.imdb.com:443 "GET /search/title?genres=adventure&languages=en&sort=user_rating,desc&title_type=feature&num_votes=10000,&explore=genres HTTP/1.1" 301 0
DEBUG:urllib3.connectionpool:https://www.imdb.com:443 "GET /search/title/?genres=adventure&languages=en&sort=user_rating,desc&title_type=feature&num_votes=10000,&explore=genres HTTP/1.1" 200 None
DEBUG:urllib3.connectionpool:Starting new HTTPS connection (1): www.imdb.com:443
DEBUG:urllib3.connectionpool:https://www.imdb.com:443 "GET /search/title?genres=animation&languages=en&sort=user_rating,desc&title_type=feature&num_votes=10000,&explore=genres HTTP/1.1" 301 0
DEBUG:urllib3.connectionpool:https://www.imdb.com:443 "GET /search/title/?genres=animation&languages=en&sort=user_rating,desc&title_type=feature&num_votes=10000,&explore=genres HTTP/1.1" 200 None
DEBUG:urllib3.connectionpool:Starting new HTTPS connection (1): www.imdb.com:443
DEBUG:urllib3.connectionpool:https://www.imdb.com:443 "GET /search/title?genres=biography&languages=en&sort=user_rating,desc&title_type=feature&num_votes=10000,&explore=genres HTTP/1.1" 301 0
DEBUG:urllib3.connectionpool:https://www.imdb.com:443 "GET /search/title/?genres=biography&languages=en&sort=user_rating,desc&title_type=feature&num_votes=10000,&explore=genres HTTP/1.1" 200 None
DEBUG:urllib3.connectionpool:Starting new HTTPS connection (1): www.imdb.com:443
DEBUG:urllib3.connectionpool:https://www.imdb.com:443 "GET /search/title?genres=comedy&languages=en&sort=user_rating,desc&title_type=feature&num_votes=10000,&explore=genres HTTP/1.1" 301 0
DEBUG:urllib3.connectionpool:https://www.imdb.com:443 "GET /search/title/?genres=comedy&languages=en&sort=user_rating,desc&title_type=feature&num_votes=10000,&explore=genres HTTP/1.1" 200 None
DEBUG:urllib3.connectionpool:Starting new HTTPS connection (1): www.imdb.com:443
DEBUG:urllib3.connectionpool:https://www.imdb.com:443 "GET /search/title?genres=crime&languages=en&sort=user_rating,desc&title_type=feature&num_votes=10000,&explore=genres HTTP/1.1" 301 0
DEBUG:urllib3.connectionpool:https://www.imdb.com:443 "GET /search/title/?genres=crime&languages=en&sort=user_rating,desc&title_type=feature&num_votes=10000,&explore=genres HTTP/1.1" 200 None
DEBUG:urllib3.connectionpool:Starting new HTTPS connection (1): www.imdb.com:443
DEBUG:urllib3.connectionpool:https://www.imdb.com:443 "GET /search/title?languages=en&sort=user_rating,desc&title_type=documentary&num_votes=10000,&explore=genres HTTP/1.1" 301 0
DEBUG:urllib3.connectionpool:https://www.imdb.com:443 "GET /search/title/?languages=en&sort=user_rating,desc&title_type=documentary&num_votes=10000,&explore=genres HTTP/1.1" 200 None
DEBUG:urllib3.connectionpool:Starting new HTTPS connection (1): www.imdb.com:443
DEBUG:urllib3.connectionpool:https://www.imdb.com:443 "GET /search/title?genres=drama&languages=en&sort=user_rating,desc&title_type=feature&num_votes=10000,&explore=genres HTTP/1.1" 301 0
DEBUG:urllib3.connectionpool:https://www.imdb.com:443 "GET /search/title/?genres=drama&languages=en&sort=user_rating,desc&title_type=feature&num_votes=10000,&explore=genres HTTP/1.1" 200 None
DEBUG:urllib3.connectionpool:Starting new HTTPS connection (1): www.imdb.com:443
DEBUG:urllib3.connectionpool:https://www.imdb.com:443 "GET /search/title?genres=family&languages=en&sort=user_rating,desc&title_type=feature&num_votes=10000,&explore=genres HTTP/1.1" 301 0
DEBUG:urllib3.connectionpool:https://www.imdb.com:443 "GET /search/title/?genres=family&languages=en&sort=user_rating,desc&title_type=feature&num_votes=10000,&explore=genres HTTP/1.1" 200 None
DEBUG:urllib3.connectionpool:Starting new HTTPS connection (1): www.imdb.com:443
DEBUG:urllib3.connectionpool:https://www.imdb.com:443 "GET /search/title?genres=fantasy&languages=en&sort=user_rating,desc&title_type=feature&num_votes=10000,&explore=genres HTTP/1.1" 301 0
DEBUG:urllib3.connectionpool:https://www.imdb.com:443 "GET /search/title/?genres=fantasy&languages=en&sort=user_rating,desc&title_type=feature&num_votes=10000,&explore=genres HTTP/1.1" 200 None
DEBUG:urllib3.connectionpool:Starting new HTTPS connection (1): www.imdb.com:443
DEBUG:urllib3.connectionpool:https://www.imdb.com:443 "GET /search/title?genres=film-noir&languages=en&sort=user_rating,desc&title_type=feature&num_votes=10000,&explore=genres HTTP/1.1" 301 0
DEBUG:urllib3.connectionpool:https://www.imdb.com:443 "GET /search/title/?genres=film-noir&languages=en&sort=user_rating,desc&title_type=feature&num_votes=10000,&explore=genres HTTP/1.1" 200 None
DEBUG:urllib3.connectionpool:Starting new HTTPS connection (1): www.imdb.com:443
DEBUG:urllib3.connectionpool:https://www.imdb.com:443 "GET /search/title?genres=history&languages=en&sort=user_rating,desc&title_type=feature&num_votes=10000,&explore=genres HTTP/1.1" 301 0
DEBUG:urllib3.connectionpool:https://www.imdb.com:443 "GET /search/title/?genres=history&languages=en&sort=user_rating,desc&title_type=feature&num_votes=10000,&explore=genres HTTP/1.1" 200 None
DEBUG:urllib3.connectionpool:Starting new HTTPS connection (1): www.imdb.com:443
DEBUG:urllib3.connectionpool:https://www.imdb.com:443 "GET /search/title?genres=horror&languages=en&sort=user_rating,desc&title_type=feature&num_votes=10000,&explore=genres HTTP/1.1" 301 0
DEBUG:urllib3.connectionpool:https://www.imdb.com:443 "GET /search/title/?genres=horror&languages=en&sort=user_rating,desc&title_type=feature&num_votes=10000,&explore=genres HTTP/1.1" 200 None
DEBUG:urllib3.connectionpool:Starting new HTTPS connection (1): www.imdb.com:443
DEBUG:urllib3.connectionpool:https://www.imdb.com:443 "GET /search/title?genres=music&languages=en&sort=user_rating,desc&title_type=feature&num_votes=10000,&explore=genres HTTP/1.1" 301 0
DEBUG:urllib3.connectionpool:https://www.imdb.com:443 "GET /search/title/?genres=music&languages=en&sort=user_rating,desc&title_type=feature&num_votes=10000,&explore=genres HTTP/1.1" 200 None
DEBUG:urllib3.connectionpool:Starting new HTTPS connection (1): www.imdb.com:443
DEBUG:urllib3.connectionpool:https://www.imdb.com:443 "GET /search/title?genres=musical&languages=en&sort=user_rating,desc&title_type=feature&num_votes=10000,&explore=genres HTTP/1.1" 301 0
DEBUG:urllib3.connectionpool:https://www.imdb.com:443 "GET /search/title/?genres=musical&languages=en&sort=user_rating,desc&title_type=feature&num_votes=10000,&explore=genres HTTP/1.1" 200 None
DEBUG:urllib3.connectionpool:Starting new HTTPS connection (1): www.imdb.com:443
DEBUG:urllib3.connectionpool:https://www.imdb.com:443 "GET /search/title?genres=mystery&languages=en&sort=user_rating,desc&title_type=feature&num_votes=10000,&explore=genres HTTP/1.1" 301 0
DEBUG:urllib3.connectionpool:https://www.imdb.com:443 "GET /search/title/?genres=mystery&languages=en&sort=user_rating,desc&title_type=feature&num_votes=10000,&explore=genres HTTP/1.1" 200 None
DEBUG:urllib3.connectionpool:Starting new HTTPS connection (1): www.imdb.com:443
DEBUG:urllib3.connectionpool:https://www.imdb.com:443 "GET /search/title?genres=romance&languages=en&sort=user_rating,desc&title_type=feature&num_votes=10000,&explore=genres HTTP/1.1" 301 0
DEBUG:urllib3.connectionpool:https://www.imdb.com:443 "GET /search/title/?genres=romance&languages=en&sort=user_rating,desc&title_type=feature&num_votes=10000,&explore=genres HTTP/1.1" 200 None
DEBUG:urllib3.connectionpool:Starting new HTTPS connection (1): www.imdb.com:443
DEBUG:urllib3.connectionpool:https://www.imdb.com:443 "GET /search/title?genres=sci-fi&languages=en&sort=user_rating,desc&title_type=feature&num_votes=10000,&explore=genres HTTP/1.1" 301 0
DEBUG:urllib3.connectionpool:https://www.imdb.com:443 "GET /search/title/?genres=sci-fi&languages=en&sort=user_rating,desc&title_type=feature&num_votes=10000,&explore=genres HTTP/1.1" 200 None
DEBUG:urllib3.connectionpool:Starting new HTTPS connection (1): www.imdb.com:443
DEBUG:urllib3.connectionpool:https://www.imdb.com:443 "GET /search/title?languages=en&sort=user_rating,desc&title_type=short&num_votes=3000,&explore=genres HTTP/1.1" 301 0
DEBUG:urllib3.connectionpool:https://www.imdb.com:443 "GET /search/title/?languages=en&sort=user_rating,desc&title_type=short&num_votes=3000,&explore=genres HTTP/1.1" 200 None
DEBUG:urllib3.connectionpool:Starting new HTTPS connection (1): www.imdb.com:443
DEBUG:urllib3.connectionpool:https://www.imdb.com:443 "GET /search/title?genres=sport&languages=en&sort=user_rating,desc&title_type=feature&num_votes=10000,&explore=genres HTTP/1.1" 301 0
DEBUG:urllib3.connectionpool:https://www.imdb.com:443 "GET /search/title/?genres=sport&languages=en&sort=user_rating,desc&title_type=feature&num_votes=10000,&explore=genres HTTP/1.1" 200 None
DEBUG:urllib3.connectionpool:Starting new HTTPS connection (1): www.imdb.com:443
DEBUG:urllib3.connectionpool:https://www.imdb.com:443 "GET /search/title?keywords=superhero&languages=en&sort=user_rating,desc&title_type=feature&num_votes=10000,&explore=genres HTTP/1.1" 301 0
DEBUG:urllib3.connectionpool:https://www.imdb.com:443 "GET /search/title/?keywords=superhero&languages=en&sort=user_rating,desc&title_type=feature&num_votes=10000,&explore=genres HTTP/1.1" 200 None
DEBUG:urllib3.connectionpool:Starting new HTTPS connection (1): www.imdb.com:443
DEBUG:urllib3.connectionpool:https://www.imdb.com:443 "GET /search/title?genres=thriller&languages=en&sort=user_rating,desc&title_type=feature&num_votes=10000,&explore=genres HTTP/1.1" 301 0
DEBUG:urllib3.connectionpool:https://www.imdb.com:443 "GET /search/title/?genres=thriller&languages=en&sort=user_rating,desc&title_type=feature&num_votes=10000,&explore=genres HTTP/1.1" 200 None
DEBUG:urllib3.connectionpool:Starting new HTTPS connection (1): www.imdb.com:443
DEBUG:urllib3.connectionpool:https://www.imdb.com:443 "GET /search/title?genres=war&languages=en&sort=user_rating,desc&title_type=feature&num_votes=10000,&explore=genres HTTP/1.1" 301 0
DEBUG:urllib3.connectionpool:https://www.imdb.com:443 "GET /search/title/?genres=war&languages=en&sort=user_rating,desc&title_type=feature&num_votes=10000,&explore=genres HTTP/1.1" 200 None
DEBUG:urllib3.connectionpool:Starting new HTTPS connection (1): www.imdb.com:443
DEBUG:urllib3.connectionpool:https://www.imdb.com:443 "GET /search/title?genres=western&languages=en&sort=user_rating,desc&title_type=feature&num_votes=10000,&explore=genres HTTP/1.1" 301 0
DEBUG:urllib3.connectionpool:https://www.imdb.com:443 "GET /search/title/?genres=western&languages=en&sort=user_rating,desc&title_type=feature&num_votes=10000,&explore=genres HTTP/1.1" 200 None
INFO:root:                                           Title Release_Year  ...   image_id Score
0                     Rocketry: The Nambi Effect         2022  ...  tt9263550   9.2
1                                The Dark Knight         2008  ...  tt0468569   9.0
2  The Lord of the Rings: The Return of the King         2003  ...  tt0167260   9.0
3             Kill Bill: The Whole Bloody Affair         2011  ...  tt6019206   8.8
4                                      Inception         2010  ...  tt1375666   8.8

[5 rows x 11 columns]
INFO:root:--------- Download Complete CSV Formed --------
INFO:root:data_extract.py final log
DEBUG:urllib3.connectionpool:Starting new HTTPS connection (1): www.imdb.com:443
DEBUG:urllib3.connectionpool:https://www.imdb.com:443 "GET /feature/genre?ref_=fn_asr_ge HTTP/1.1" 200 None
DEBUG:urllib3.connectionpool:Starting new HTTPS connection (1): www.imdb.com:443
DEBUG:urllib3.connectionpool:https://www.imdb.com:443 "GET /search/title?genres=action&languages=en&sort=user_rating,desc&title_type=feature&num_votes=10000,&explore=genres HTTP/1.1" 301 0
DEBUG:urllib3.connectionpool:https://www.imdb.com:443 "GET /search/title/?genres=action&languages=en&sort=user_rating,desc&title_type=feature&num_votes=10000,&explore=genres HTTP/1.1" 200 None
DEBUG:urllib3.connectionpool:Starting new HTTPS connection (1): www.imdb.com:443
DEBUG:urllib3.connectionpool:https://www.imdb.com:443 "GET /search/title?genres=adventure&languages=en&sort=user_rating,desc&title_type=feature&num_votes=10000,&explore=genres HTTP/1.1" 301 0
DEBUG:urllib3.connectionpool:https://www.imdb.com:443 "GET /search/title/?genres=adventure&languages=en&sort=user_rating,desc&title_type=feature&num_votes=10000,&explore=genres HTTP/1.1" 200 None
DEBUG:urllib3.connectionpool:Starting new HTTPS connection (1): www.imdb.com:443
DEBUG:urllib3.connectionpool:https://www.imdb.com:443 "GET /search/title?genres=animation&languages=en&sort=user_rating,desc&title_type=feature&num_votes=10000,&explore=genres HTTP/1.1" 301 0
DEBUG:urllib3.connectionpool:https://www.imdb.com:443 "GET /search/title/?genres=animation&languages=en&sort=user_rating,desc&title_type=feature&num_votes=10000,&explore=genres HTTP/1.1" 200 None
DEBUG:urllib3.connectionpool:Starting new HTTPS connection (1): www.imdb.com:443
DEBUG:urllib3.connectionpool:https://www.imdb.com:443 "GET /search/title?genres=biography&languages=en&sort=user_rating,desc&title_type=feature&num_votes=10000,&explore=genres HTTP/1.1" 301 0
DEBUG:urllib3.connectionpool:https://www.imdb.com:443 "GET /search/title/?genres=biography&languages=en&sort=user_rating,desc&title_type=feature&num_votes=10000,&explore=genres HTTP/1.1" 200 None
DEBUG:urllib3.connectionpool:Starting new HTTPS connection (1): www.imdb.com:443
DEBUG:urllib3.connectionpool:https://www.imdb.com:443 "GET /search/title?genres=comedy&languages=en&sort=user_rating,desc&title_type=feature&num_votes=10000,&explore=genres HTTP/1.1" 301 0
DEBUG:urllib3.connectionpool:https://www.imdb.com:443 "GET /search/title/?genres=comedy&languages=en&sort=user_rating,desc&title_type=feature&num_votes=10000,&explore=genres HTTP/1.1" 200 None
DEBUG:urllib3.connectionpool:Starting new HTTPS connection (1): www.imdb.com:443
DEBUG:urllib3.connectionpool:https://www.imdb.com:443 "GET /search/title?genres=crime&languages=en&sort=user_rating,desc&title_type=feature&num_votes=10000,&explore=genres HTTP/1.1" 301 0
DEBUG:urllib3.connectionpool:https://www.imdb.com:443 "GET /search/title/?genres=crime&languages=en&sort=user_rating,desc&title_type=feature&num_votes=10000,&explore=genres HTTP/1.1" 200 None
DEBUG:urllib3.connectionpool:Starting new HTTPS connection (1): www.imdb.com:443
DEBUG:urllib3.connectionpool:https://www.imdb.com:443 "GET /search/title?languages=en&sort=user_rating,desc&title_type=documentary&num_votes=10000,&explore=genres HTTP/1.1" 301 0
DEBUG:urllib3.connectionpool:https://www.imdb.com:443 "GET /search/title/?languages=en&sort=user_rating,desc&title_type=documentary&num_votes=10000,&explore=genres HTTP/1.1" 200 None
DEBUG:urllib3.connectionpool:Starting new HTTPS connection (1): www.imdb.com:443
DEBUG:urllib3.connectionpool:https://www.imdb.com:443 "GET /search/title?genres=drama&languages=en&sort=user_rating,desc&title_type=feature&num_votes=10000,&explore=genres HTTP/1.1" 301 0
DEBUG:urllib3.connectionpool:https://www.imdb.com:443 "GET /search/title/?genres=drama&languages=en&sort=user_rating,desc&title_type=feature&num_votes=10000,&explore=genres HTTP/1.1" 200 None
DEBUG:urllib3.connectionpool:Starting new HTTPS connection (1): www.imdb.com:443
DEBUG:urllib3.connectionpool:https://www.imdb.com:443 "GET /search/title?genres=family&languages=en&sort=user_rating,desc&title_type=feature&num_votes=10000,&explore=genres HTTP/1.1" 301 0
DEBUG:urllib3.connectionpool:https://www.imdb.com:443 "GET /search/title/?genres=family&languages=en&sort=user_rating,desc&title_type=feature&num_votes=10000,&explore=genres HTTP/1.1" 200 None
DEBUG:urllib3.connectionpool:Starting new HTTPS connection (1): www.imdb.com:443
DEBUG:urllib3.connectionpool:https://www.imdb.com:443 "GET /search/title?genres=fantasy&languages=en&sort=user_rating,desc&title_type=feature&num_votes=10000,&explore=genres HTTP/1.1" 301 0
DEBUG:urllib3.connectionpool:https://www.imdb.com:443 "GET /search/title/?genres=fantasy&languages=en&sort=user_rating,desc&title_type=feature&num_votes=10000,&explore=genres HTTP/1.1" 200 None
DEBUG:urllib3.connectionpool:Starting new HTTPS connection (1): www.imdb.com:443
DEBUG:urllib3.connectionpool:https://www.imdb.com:443 "GET /search/title?genres=film-noir&languages=en&sort=user_rating,desc&title_type=feature&num_votes=10000,&explore=genres HTTP/1.1" 301 0
DEBUG:urllib3.connectionpool:https://www.imdb.com:443 "GET /search/title/?genres=film-noir&languages=en&sort=user_rating,desc&title_type=feature&num_votes=10000,&explore=genres HTTP/1.1" 200 None
DEBUG:urllib3.connectionpool:Starting new HTTPS connection (1): www.imdb.com:443
DEBUG:urllib3.connectionpool:https://www.imdb.com:443 "GET /search/title?genres=history&languages=en&sort=user_rating,desc&title_type=feature&num_votes=10000,&explore=genres HTTP/1.1" 301 0
DEBUG:urllib3.connectionpool:https://www.imdb.com:443 "GET /search/title/?genres=history&languages=en&sort=user_rating,desc&title_type=feature&num_votes=10000,&explore=genres HTTP/1.1" 200 None
DEBUG:urllib3.connectionpool:Starting new HTTPS connection (1): www.imdb.com:443
DEBUG:urllib3.connectionpool:https://www.imdb.com:443 "GET /search/title?genres=horror&languages=en&sort=user_rating,desc&title_type=feature&num_votes=10000,&explore=genres HTTP/1.1" 301 0
DEBUG:urllib3.connectionpool:https://www.imdb.com:443 "GET /search/title/?genres=horror&languages=en&sort=user_rating,desc&title_type=feature&num_votes=10000,&explore=genres HTTP/1.1" 200 None
DEBUG:urllib3.connectionpool:Starting new HTTPS connection (1): www.imdb.com:443
DEBUG:urllib3.connectionpool:https://www.imdb.com:443 "GET /search/title?genres=music&languages=en&sort=user_rating,desc&title_type=feature&num_votes=10000,&explore=genres HTTP/1.1" 301 0
DEBUG:urllib3.connectionpool:https://www.imdb.com:443 "GET /search/title/?genres=music&languages=en&sort=user_rating,desc&title_type=feature&num_votes=10000,&explore=genres HTTP/1.1" 200 None
DEBUG:urllib3.connectionpool:Starting new HTTPS connection (1): www.imdb.com:443
DEBUG:urllib3.connectionpool:https://www.imdb.com:443 "GET /search/title?genres=musical&languages=en&sort=user_rating,desc&title_type=feature&num_votes=10000,&explore=genres HTTP/1.1" 301 0
DEBUG:urllib3.connectionpool:https://www.imdb.com:443 "GET /search/title/?genres=musical&languages=en&sort=user_rating,desc&title_type=feature&num_votes=10000,&explore=genres HTTP/1.1" 200 None
DEBUG:urllib3.connectionpool:Starting new HTTPS connection (1): www.imdb.com:443
DEBUG:urllib3.connectionpool:https://www.imdb.com:443 "GET /search/title?genres=mystery&languages=en&sort=user_rating,desc&title_type=feature&num_votes=10000,&explore=genres HTTP/1.1" 301 0
DEBUG:urllib3.connectionpool:https://www.imdb.com:443 "GET /search/title/?genres=mystery&languages=en&sort=user_rating,desc&title_type=feature&num_votes=10000,&explore=genres HTTP/1.1" 200 None
DEBUG:urllib3.connectionpool:Starting new HTTPS connection (1): www.imdb.com:443
DEBUG:urllib3.connectionpool:https://www.imdb.com:443 "GET /search/title?genres=romance&languages=en&sort=user_rating,desc&title_type=feature&num_votes=10000,&explore=genres HTTP/1.1" 301 0
DEBUG:urllib3.connectionpool:https://www.imdb.com:443 "GET /search/title/?genres=romance&languages=en&sort=user_rating,desc&title_type=feature&num_votes=10000,&explore=genres HTTP/1.1" 200 None
DEBUG:urllib3.connectionpool:Starting new HTTPS connection (1): www.imdb.com:443
DEBUG:urllib3.connectionpool:https://www.imdb.com:443 "GET /search/title?genres=sci-fi&languages=en&sort=user_rating,desc&title_type=feature&num_votes=10000,&explore=genres HTTP/1.1" 301 0
DEBUG:urllib3.connectionpool:https://www.imdb.com:443 "GET /search/title/?genres=sci-fi&languages=en&sort=user_rating,desc&title_type=feature&num_votes=10000,&explore=genres HTTP/1.1" 200 None
DEBUG:urllib3.connectionpool:Starting new HTTPS connection (1): www.imdb.com:443
DEBUG:urllib3.connectionpool:https://www.imdb.com:443 "GET /search/title?languages=en&sort=user_rating,desc&title_type=short&num_votes=3000,&explore=genres HTTP/1.1" 301 0
DEBUG:urllib3.connectionpool:https://www.imdb.com:443 "GET /search/title/?languages=en&sort=user_rating,desc&title_type=short&num_votes=3000,&explore=genres HTTP/1.1" 200 None
DEBUG:urllib3.connectionpool:Starting new HTTPS connection (1): www.imdb.com:443
DEBUG:urllib3.connectionpool:https://www.imdb.com:443 "GET /search/title?genres=sport&languages=en&sort=user_rating,desc&title_type=feature&num_votes=10000,&explore=genres HTTP/1.1" 301 0
DEBUG:urllib3.connectionpool:https://www.imdb.com:443 "GET /search/title/?genres=sport&languages=en&sort=user_rating,desc&title_type=feature&num_votes=10000,&explore=genres HTTP/1.1" 200 None
DEBUG:urllib3.connectionpool:Starting new HTTPS connection (1): www.imdb.com:443
DEBUG:urllib3.connectionpool:https://www.imdb.com:443 "GET /search/title?keywords=superhero&languages=en&sort=user_rating,desc&title_type=feature&num_votes=10000,&explore=genres HTTP/1.1" 301 0
DEBUG:urllib3.connectionpool:https://www.imdb.com:443 "GET /search/title/?keywords=superhero&languages=en&sort=user_rating,desc&title_type=feature&num_votes=10000,&explore=genres HTTP/1.1" 200 None
DEBUG:urllib3.connectionpool:Starting new HTTPS connection (1): www.imdb.com:443
DEBUG:urllib3.connectionpool:https://www.imdb.com:443 "GET /search/title?genres=thriller&languages=en&sort=user_rating,desc&title_type=feature&num_votes=10000,&explore=genres HTTP/1.1" 301 0
DEBUG:urllib3.connectionpool:https://www.imdb.com:443 "GET /search/title/?genres=thriller&languages=en&sort=user_rating,desc&title_type=feature&num_votes=10000,&explore=genres HTTP/1.1" 200 None
DEBUG:urllib3.connectionpool:Starting new HTTPS connection (1): www.imdb.com:443
DEBUG:urllib3.connectionpool:https://www.imdb.com:443 "GET /search/title?genres=war&languages=en&sort=user_rating,desc&title_type=feature&num_votes=10000,&explore=genres HTTP/1.1" 301 0
DEBUG:urllib3.connectionpool:https://www.imdb.com:443 "GET /search/title/?genres=war&languages=en&sort=user_rating,desc&title_type=feature&num_votes=10000,&explore=genres HTTP/1.1" 200 None
DEBUG:urllib3.connectionpool:Starting new HTTPS connection (1): www.imdb.com:443
DEBUG:urllib3.connectionpool:https://www.imdb.com:443 "GET /search/title?genres=western&languages=en&sort=user_rating,desc&title_type=feature&num_votes=10000,&explore=genres HTTP/1.1" 301 0
DEBUG:urllib3.connectionpool:https://www.imdb.com:443 "GET /search/title/?genres=western&languages=en&sort=user_rating,desc&title_type=feature&num_votes=10000,&explore=genres HTTP/1.1" 200 None
INFO:root:                                           Title  ... Score
0                     Rocketry: The Nambi Effect  ...   9.2
1                                The Dark Knight  ...   9.0
2  The Lord of the Rings: The Return of the King  ...   9.0
3             Kill Bill: The Whole Bloody Affair  ...   8.8
4                                      Inception  ...   8.8

[5 rows x 10 columns]
INFO:root:--------- Download Complete CSV Formed --------
